This file contains any messages produced by compilers while
running configure, to aid debugging if configure makes a mistake.

It was created by zhavam configure 1.3, which was
generated by GNU Autoconf 2.69.  Invocation command line was

  $ ./configure 

## --------- ##
## Platform. ##
## --------- ##

hostname = galileo
uname -m = x86_64
uname -r = 4.15.0-43-generic
uname -s = Linux
uname -v = #46-Ubuntu SMP Thu Dec 6 14:45:28 UTC 2018

/usr/bin/uname -p = unknown
/bin/uname -X     = unknown

/bin/arch              = unknown
/usr/bin/arch -k       = unknown
/usr/convex/getsysinfo = unknown
/usr/bin/hostinfo      = unknown
/bin/machine           = unknown
/usr/bin/oslevel       = unknown
/bin/universe          = unknown

PATH: /home/ipserc/bin
PATH: /usr/local/sbin
PATH: /usr/local/bin
PATH: /usr/sbin
PATH: /usr/bin
PATH: /sbin
PATH: /bin
PATH: /usr/games
PATH: /usr/local/games
PATH: /snap/bin
PATH: /opt/bin
PATH: /bin
PATH: /sbin
PATH: /usr/sbin
PATH: /opt/jdk/bin
PATH: /home/ipserc/.local/bin


## ----------- ##
## Core tests. ##
## ----------- ##

configure:2193: checking for a BSD-compatible install
configure:2261: result: /usr/bin/install -c
configure:2272: checking whether build environment is sane
configure:2327: result: yes
configure:2478: checking for a thread-safe mkdir -p
configure:2517: result: /bin/mkdir -p
configure:2524: checking for gawk
configure:2540: found /usr/bin/gawk
configure:2551: result: gawk
configure:2562: checking whether make sets $(MAKE)
configure:2584: result: yes
configure:2613: checking whether make supports nested variables
configure:2630: result: yes
configure:2805: checking for gcc
configure:2821: found /usr/bin/gcc
configure:2832: result: gcc
configure:3061: checking for C compiler version
configure:3070: gcc --version >&5
gcc (Ubuntu 7.3.0-27ubuntu1~18.04) 7.3.0
Copyright (C) 2017 Free Software Foundation, Inc.
This is free software; see the source for copying conditions.  There is NO
warranty; not even for MERCHANTABILITY or FITNESS FOR A PARTICULAR PURPOSE.

configure:3081: $? = 0
configure:3070: gcc -v >&5
Using built-in specs.
COLLECT_GCC=gcc
COLLECT_LTO_WRAPPER=/usr/lib/gcc/x86_64-linux-gnu/7/lto-wrapper
OFFLOAD_TARGET_NAMES=nvptx-none
OFFLOAD_TARGET_DEFAULT=1
Target: x86_64-linux-gnu
Configured with: ../src/configure -v --with-pkgversion='Ubuntu 7.3.0-27ubuntu1~18.04' --with-bugurl=file:///usr/share/doc/gcc-7/README.Bugs --enable-languages=c,ada,c++,go,brig,d,fortran,objc,obj-c++ --prefix=/usr --with-gcc-major-version-only --program-suffix=-7 --program-prefix=x86_64-linux-gnu- --enable-shared --enable-linker-build-id --libexecdir=/usr/lib --without-included-gettext --enable-threads=posix --libdir=/usr/lib --enable-nls --with-sysroot=/ --enable-clocale=gnu --enable-libstdcxx-debug --enable-libstdcxx-time=yes --with-default-libstdcxx-abi=new --enable-gnu-unique-object --disable-vtable-verify --enable-libmpx --enable-plugin --enable-default-pie --with-system-zlib --with-target-system-zlib --enable-objc-gc=auto --enable-multiarch --disable-werror --with-arch-32=i686 --with-abi=m64 --with-multilib-list=m32,m64,mx32 --enable-multilib --with-tune=generic --enable-offload-targets=nvptx-none --without-cuda-driver --enable-checking=release --build=x86_64-linux-gnu --host=x86_64-linux-gnu --target=x86_64-linux-gnu
Thread model: posix
gcc version 7.3.0 (Ubuntu 7.3.0-27ubuntu1~18.04) 
configure:3081: $? = 0
configure:3070: gcc -V >&5
gcc: error: unrecognized command line option '-V'
gcc: fatal error: no input files
compilation terminated.
configure:3081: $? = 1
configure:3070: gcc -qversion >&5
gcc: error: unrecognized command line option '-qversion'; did you mean '--version'?
gcc: fatal error: no input files
compilation terminated.
configure:3081: $? = 1
configure:3101: checking whether the C compiler works
configure:3123: gcc    conftest.c  >&5
configure:3127: $? = 0
configure:3175: result: yes
configure:3178: checking for C compiler default output file name
configure:3180: result: a.out
configure:3186: checking for suffix of executables
configure:3193: gcc -o conftest    conftest.c  >&5
configure:3197: $? = 0
configure:3219: result: 
configure:3241: checking whether we are cross compiling
configure:3249: gcc -o conftest    conftest.c  >&5
configure:3253: $? = 0
configure:3260: ./conftest
configure:3264: $? = 0
configure:3279: result: no
configure:3284: checking for suffix of object files
configure:3306: gcc -c   conftest.c >&5
configure:3310: $? = 0
configure:3331: result: o
configure:3335: checking whether we are using the GNU C compiler
configure:3354: gcc -c   conftest.c >&5
configure:3354: $? = 0
configure:3363: result: yes
configure:3372: checking whether gcc accepts -g
configure:3392: gcc -c -g  conftest.c >&5
configure:3392: $? = 0
configure:3433: result: yes
configure:3450: checking for gcc option to accept ISO C89
configure:3513: gcc  -c -g -O2  conftest.c >&5
configure:3513: $? = 0
configure:3526: result: none needed
configure:3551: checking whether gcc understands -c and -o together
configure:3573: gcc -c conftest.c -o conftest2.o
configure:3576: $? = 0
configure:3573: gcc -c conftest.c -o conftest2.o
configure:3576: $? = 0
configure:3588: result: yes
configure:3616: checking for style of include used by make
configure:3644: result: GNU
configure:3670: checking dependency style of gcc
configure:3781: result: gcc3
configure:3828: checking build system type
configure:3842: result: x86_64-pc-linux-gnu
configure:3862: checking host system type
configure:3875: result: x86_64-pc-linux-gnu
configure:3916: checking how to print strings
configure:3943: result: printf
configure:3964: checking for a sed that does not truncate output
configure:4028: result: /bin/sed
configure:4046: checking for grep that handles long lines and -e
configure:4104: result: /bin/grep
configure:4109: checking for egrep
configure:4171: result: /bin/grep -E
configure:4176: checking for fgrep
configure:4238: result: /bin/grep -F
configure:4273: checking for ld used by gcc
configure:4340: result: /usr/bin/ld
configure:4347: checking if the linker (/usr/bin/ld) is GNU ld
configure:4362: result: yes
configure:4374: checking for BSD- or MS-compatible name lister (nm)
configure:4428: result: /usr/bin/nm -B
configure:4558: checking the name lister (/usr/bin/nm -B) interface
configure:4565: gcc -c -g -O2  conftest.c >&5
configure:4568: /usr/bin/nm -B "conftest.o"
configure:4571: output
0000000000000000 B some_variable
configure:4578: result: BSD nm
configure:4581: checking whether ln -s works
configure:4585: result: yes
configure:4593: checking the maximum length of command line arguments
configure:4724: result: 1572864
configure:4772: checking how to convert x86_64-pc-linux-gnu file names to x86_64-pc-linux-gnu format
configure:4812: result: func_convert_file_noop
configure:4819: checking how to convert x86_64-pc-linux-gnu file names to toolchain format
configure:4839: result: func_convert_file_noop
configure:4846: checking for /usr/bin/ld option to reload object files
configure:4853: result: -r
configure:4927: checking for objdump
configure:4943: found /usr/bin/objdump
configure:4954: result: objdump
configure:4986: checking how to recognize dependent libraries
configure:5186: result: pass_all
configure:5271: checking for dlltool
configure:5301: result: no
configure:5331: checking how to associate runtime and link libraries
configure:5358: result: printf %s\n
configure:5419: checking for ar
configure:5435: found /usr/bin/ar
configure:5446: result: ar
configure:5483: checking for archiver @FILE support
configure:5500: gcc -c -g -O2  conftest.c >&5
configure:5500: $? = 0
configure:5503: ar cru libconftest.a @conftest.lst >&5
ar: `u' modifier ignored since `D' is the default (see `U')
configure:5506: $? = 0
configure:5511: ar cru libconftest.a @conftest.lst >&5
ar: `u' modifier ignored since `D' is the default (see `U')
ar: conftest.o: No such file or directory
configure:5514: $? = 1
configure:5526: result: @
configure:5584: checking for strip
configure:5600: found /usr/bin/strip
configure:5611: result: strip
configure:5683: checking for ranlib
configure:5699: found /usr/bin/ranlib
configure:5710: result: ranlib
configure:5812: checking command to parse /usr/bin/nm -B output from gcc object
configure:5965: gcc -c -g -O2  conftest.c >&5
configure:5968: $? = 0
configure:5972: /usr/bin/nm -B conftest.o \| sed -n -e 's/^.*[ ]\([ABCDGIRSTW][ABCDGIRSTW]*\)[ ][ ]*\([_A-Za-z][_A-Za-z0-9]*\)$/\1 \2 \2/p' | sed '/ __gnu_lto/d' \> conftest.nm
configure:5975: $? = 0
configure:6041: gcc -o conftest -g -O2   conftest.c conftstm.o >&5
configure:6044: $? = 0
configure:6082: result: ok
configure:6129: checking for sysroot
configure:6159: result: no
configure:6166: checking for a working dd
configure:6204: result: /bin/dd
configure:6208: checking how to truncate binary pipes
configure:6223: result: /bin/dd bs=4096 count=1
configure:6359: gcc -c -g -O2  conftest.c >&5
configure:6362: $? = 0
configure:6552: checking for mt
configure:6568: found /bin/mt
configure:6579: result: mt
configure:6602: checking if mt is a manifest tool
configure:6608: mt '-?'
configure:6616: result: no
configure:7293: checking how to run the C preprocessor
configure:7324: gcc -E  conftest.c
configure:7324: $? = 0
configure:7338: gcc -E  conftest.c
conftest.c:11:10: fatal error: ac_nonexistent.h: No such file or directory
 #include <ac_nonexistent.h>
          ^~~~~~~~~~~~~~~~~~
compilation terminated.
configure:7338: $? = 1
configure: failed program was:
| /* confdefs.h */
| #define PACKAGE_NAME "zhavam"
| #define PACKAGE_TARNAME "zhavam"
| #define PACKAGE_VERSION "1.3"
| #define PACKAGE_STRING "zhavam 1.3"
| #define PACKAGE_BUGREPORT "joseluis.nunez@selenitas.es"
| #define PACKAGE_URL ""
| #define PACKAGE "zhavam"
| #define VERSION "1.3"
| /* end confdefs.h.  */
| #include <ac_nonexistent.h>
configure:7363: result: gcc -E
configure:7383: gcc -E  conftest.c
configure:7383: $? = 0
configure:7397: gcc -E  conftest.c
conftest.c:11:10: fatal error: ac_nonexistent.h: No such file or directory
 #include <ac_nonexistent.h>
          ^~~~~~~~~~~~~~~~~~
compilation terminated.
configure:7397: $? = 1
configure: failed program was:
| /* confdefs.h */
| #define PACKAGE_NAME "zhavam"
| #define PACKAGE_TARNAME "zhavam"
| #define PACKAGE_VERSION "1.3"
| #define PACKAGE_STRING "zhavam 1.3"
| #define PACKAGE_BUGREPORT "joseluis.nunez@selenitas.es"
| #define PACKAGE_URL ""
| #define PACKAGE "zhavam"
| #define VERSION "1.3"
| /* end confdefs.h.  */
| #include <ac_nonexistent.h>
configure:7426: checking for ANSI C header files
configure:7446: gcc -c -g -O2  conftest.c >&5
configure:7446: $? = 0
configure:7519: gcc -o conftest -g -O2   conftest.c  >&5
configure:7519: $? = 0
configure:7519: ./conftest
configure:7519: $? = 0
configure:7530: result: yes
configure:7543: checking for sys/types.h
configure:7543: gcc -c -g -O2  conftest.c >&5
configure:7543: $? = 0
configure:7543: result: yes
configure:7543: checking for sys/stat.h
configure:7543: gcc -c -g -O2  conftest.c >&5
configure:7543: $? = 0
configure:7543: result: yes
configure:7543: checking for stdlib.h
configure:7543: gcc -c -g -O2  conftest.c >&5
configure:7543: $? = 0
configure:7543: result: yes
configure:7543: checking for string.h
configure:7543: gcc -c -g -O2  conftest.c >&5
configure:7543: $? = 0
configure:7543: result: yes
configure:7543: checking for memory.h
configure:7543: gcc -c -g -O2  conftest.c >&5
configure:7543: $? = 0
configure:7543: result: yes
configure:7543: checking for strings.h
configure:7543: gcc -c -g -O2  conftest.c >&5
configure:7543: $? = 0
configure:7543: result: yes
configure:7543: checking for inttypes.h
configure:7543: gcc -c -g -O2  conftest.c >&5
configure:7543: $? = 0
configure:7543: result: yes
configure:7543: checking for stdint.h
configure:7543: gcc -c -g -O2  conftest.c >&5
configure:7543: $? = 0
configure:7543: result: yes
configure:7543: checking for unistd.h
configure:7543: gcc -c -g -O2  conftest.c >&5
configure:7543: $? = 0
configure:7543: result: yes
configure:7557: checking for dlfcn.h
configure:7557: gcc -c -g -O2  conftest.c >&5
configure:7557: $? = 0
configure:7557: result: yes
configure:7813: checking for objdir
configure:7828: result: .libs
configure:8088: checking if gcc supports -fno-rtti -fno-exceptions
configure:8106: gcc -c -g -O2  -fno-rtti -fno-exceptions conftest.c >&5
cc1: warning: command line option '-fno-rtti' is valid for C++/ObjC++ but not for C
configure:8110: $? = 0
configure:8123: result: no
configure:8481: checking for gcc option to produce PIC
configure:8488: result: -fPIC -DPIC
configure:8496: checking if gcc PIC flag -fPIC -DPIC works
configure:8514: gcc -c -g -O2  -fPIC -DPIC -DPIC conftest.c >&5
configure:8518: $? = 0
configure:8531: result: yes
configure:8560: checking if gcc static flag -static works
configure:8588: result: yes
configure:8603: checking if gcc supports -c -o file.o
configure:8624: gcc -c -g -O2  -o out/conftest2.o conftest.c >&5
configure:8628: $? = 0
configure:8650: result: yes
configure:8658: checking if gcc supports -c -o file.o
configure:8705: result: yes
configure:8738: checking whether the gcc linker (/usr/bin/ld -m elf_x86_64) supports shared libraries
configure:10001: result: yes
configure:10038: checking whether -lc should be explicitly linked in
configure:10046: gcc -c -g -O2  conftest.c >&5
configure:10049: $? = 0
configure:10064: gcc -shared  -fPIC -DPIC conftest.o  -v -Wl,-soname -Wl,conftest -o conftest 2\>\&1 \| /bin/grep  -lc  \>/dev/null 2\>\&1
configure:10067: $? = 0
configure:10081: result: no
configure:10241: checking dynamic linker characteristics
configure:10822: gcc -o conftest -g -O2   -Wl,-rpath -Wl,/foo conftest.c  >&5
configure:10822: $? = 0
configure:11071: result: GNU/Linux ld.so
configure:11193: checking how to hardcode library paths into programs
configure:11218: result: immediate
configure:11766: checking whether stripping libraries is possible
configure:11771: result: yes
configure:11806: checking if libtool supports shared libraries
configure:11808: result: yes
configure:11811: checking whether to build shared libraries
configure:11836: result: yes
configure:11839: checking whether to build static libraries
configure:11843: result: yes
configure:11957: checking for pkg-config
configure:11975: found /usr/bin/pkg-config
configure:11987: result: /usr/bin/pkg-config
configure:12012: checking pkg-config is at least version 0.16
configure:12015: result: yes
configure:12028: checking for GTK+ - version >= 3.22.1
configure:12135: gcc -o conftest -g -O2 -pthread -I/usr/include/gtk-3.0 -I/usr/include/at-spi2-atk/2.0 -I/usr/include/at-spi-2.0 -I/usr/include/dbus-1.0 -I/usr/lib/x86_64-linux-gnu/dbus-1.0/include -I/usr/include/gtk-3.0 -I/usr/include/gio-unix-2.0/ -I/usr/include/cairo -I/usr/include/pango-1.0 -I/usr/include/harfbuzz -I/usr/include/pango-1.0 -I/usr/include/atk-1.0 -I/usr/include/cairo -I/usr/include/pixman-1 -I/usr/include/freetype2 -I/usr/include/libpng16 -I/usr/include/freetype2 -I/usr/include/libpng16 -I/usr/include/gdk-pixbuf-2.0 -I/usr/include/libpng16 -I/usr/include/glib-2.0 -I/usr/lib/x86_64-linux-gnu/glib-2.0/include   conftest.c -lgtk-3 -lgdk-3 -lpangocairo-1.0 -lpango-1.0 -latk-1.0 -lcairo-gobject -lcairo -lgdk_pixbuf-2.0 -lgio-2.0 -lgobject-2.0 -lglib-2.0  >&5
configure:12135: $? = 0
configure:12135: ./conftest
configure:12135: $? = 0
configure:12149: result: yes (version 3.22.30)
configure:12323: checking that generated files are newer than configure
configure:12329: result: done
configure:12352: creating ./config.status

## ---------------------- ##
## Running config.status. ##
## ---------------------- ##

This file was extended by zhavam config.status 1.3, which was
generated by GNU Autoconf 2.69.  Invocation command line was

  CONFIG_FILES    = 
  CONFIG_HEADERS  = 
  CONFIG_LINKS    = 
  CONFIG_COMMANDS = 
  $ ./config.status 

on galileo

config.status:1093: creating Makefile
config.status:1093: creating config.h
config.status:1322: executing depfiles commands
config.status:1322: executing libtool commands

## ---------------- ##
## Cache variables. ##
## ---------------- ##

ac_cv_build=x86_64-pc-linux-gnu
ac_cv_c_compiler_gnu=yes
ac_cv_env_CC_set=
ac_cv_env_CC_value=
ac_cv_env_CFLAGS_set=
ac_cv_env_CFLAGS_value=
ac_cv_env_CPPFLAGS_set=
ac_cv_env_CPPFLAGS_value=
ac_cv_env_CPP_set=
ac_cv_env_CPP_value=
ac_cv_env_LDFLAGS_set=
ac_cv_env_LDFLAGS_value=
ac_cv_env_LIBS_set=
ac_cv_env_LIBS_value=
ac_cv_env_LT_SYS_LIBRARY_PATH_set=
ac_cv_env_LT_SYS_LIBRARY_PATH_value=
ac_cv_env_PKG_CONFIG_LIBDIR_set=
ac_cv_env_PKG_CONFIG_LIBDIR_value=
ac_cv_env_PKG_CONFIG_PATH_set=
ac_cv_env_PKG_CONFIG_PATH_value=
ac_cv_env_PKG_CONFIG_set=
ac_cv_env_PKG_CONFIG_value=
ac_cv_env_build_alias_set=
ac_cv_env_build_alias_value=
ac_cv_env_host_alias_set=
ac_cv_env_host_alias_value=
ac_cv_env_target_alias_set=
ac_cv_env_target_alias_value=
ac_cv_header_dlfcn_h=yes
ac_cv_header_inttypes_h=yes
ac_cv_header_memory_h=yes
ac_cv_header_stdc=yes
ac_cv_header_stdint_h=yes
ac_cv_header_stdlib_h=yes
ac_cv_header_string_h=yes
ac_cv_header_strings_h=yes
ac_cv_header_sys_stat_h=yes
ac_cv_header_sys_types_h=yes
ac_cv_header_unistd_h=yes
ac_cv_host=x86_64-pc-linux-gnu
ac_cv_objext=o
ac_cv_path_EGREP='/bin/grep -E'
ac_cv_path_FGREP='/bin/grep -F'
ac_cv_path_GREP=/bin/grep
ac_cv_path_SED=/bin/sed
ac_cv_path_ac_pt_PKG_CONFIG=/usr/bin/pkg-config
ac_cv_path_install='/usr/bin/install -c'
ac_cv_path_lt_DD=/bin/dd
ac_cv_path_mkdir=/bin/mkdir
ac_cv_prog_AWK=gawk
ac_cv_prog_CPP='gcc -E'
ac_cv_prog_ac_ct_AR=ar
ac_cv_prog_ac_ct_CC=gcc
ac_cv_prog_ac_ct_MANIFEST_TOOL=mt
ac_cv_prog_ac_ct_OBJDUMP=objdump
ac_cv_prog_ac_ct_RANLIB=ranlib
ac_cv_prog_ac_ct_STRIP=strip
ac_cv_prog_cc_c89=
ac_cv_prog_cc_g=yes
ac_cv_prog_make_make_set=yes
am_cv_CC_dependencies_compiler_type=gcc3
am_cv_make_support_nested_variables=yes
am_cv_prog_cc_c_o=yes
lt_cv_ar_at_file=@
lt_cv_archive_cmds_need_lc=no
lt_cv_deplibs_check_method=pass_all
lt_cv_file_magic_cmd='$MAGIC_CMD'
lt_cv_file_magic_test_file=
lt_cv_ld_reload_flag=-r
lt_cv_nm_interface='BSD nm'
lt_cv_objdir=.libs
lt_cv_path_LD=/usr/bin/ld
lt_cv_path_NM='/usr/bin/nm -B'
lt_cv_path_mainfest_tool=no
lt_cv_prog_compiler_c_o=yes
lt_cv_prog_compiler_pic='-fPIC -DPIC'
lt_cv_prog_compiler_pic_works=yes
lt_cv_prog_compiler_rtti_exceptions=no
lt_cv_prog_compiler_static_works=yes
lt_cv_prog_gnu_ld=yes
lt_cv_sharedlib_from_linklib_cmd='printf %s\n'
lt_cv_shlibpath_overrides_runpath=yes
lt_cv_sys_global_symbol_pipe='sed -n -e '\''s/^.*[	 ]\([ABCDGIRSTW][ABCDGIRSTW]*\)[	 ][	 ]*\([_A-Za-z][_A-Za-z0-9]*\)$/\1 \2 \2/p'\'' | sed '\''/ __gnu_lto/d'\'''
lt_cv_sys_global_symbol_to_c_name_address='sed -n -e '\''s/^: \(.*\) .*$/  {"\1", (void *) 0},/p'\'' -e '\''s/^[ABCDGIRSTW][ABCDGIRSTW]* .* \(.*\)$/  {"\1", (void *) \&\1},/p'\'''
lt_cv_sys_global_symbol_to_c_name_address_lib_prefix='sed -n -e '\''s/^: \(.*\) .*$/  {"\1", (void *) 0},/p'\'' -e '\''s/^[ABCDGIRSTW][ABCDGIRSTW]* .* \(lib.*\)$/  {"\1", (void *) \&\1},/p'\'' -e '\''s/^[ABCDGIRSTW][ABCDGIRSTW]* .* \(.*\)$/  {"lib\1", (void *) \&\1},/p'\'''
lt_cv_sys_global_symbol_to_cdecl='sed -n -e '\''s/^T .* \(.*\)$/extern int \1();/p'\'' -e '\''s/^[ABCDGIRSTW][ABCDGIRSTW]* .* \(.*\)$/extern char \1;/p'\'''
lt_cv_sys_global_symbol_to_import=
lt_cv_sys_max_cmd_len=1572864
lt_cv_to_host_file_cmd=func_convert_file_noop
lt_cv_to_tool_file_cmd=func_convert_file_noop
lt_cv_truncate_bin='/bin/dd bs=4096 count=1'

## ----------------- ##
## Output variables. ##
## ----------------- ##

ACLOCAL='${SHELL} /home/ipserc/worspace-2018-09/zhavam/Source/missing aclocal-1.15'
AMDEPBACKSLASH='\'
AMDEP_FALSE='#'
AMDEP_TRUE=''
AMTAR='$${TAR-tar}'
AM_BACKSLASH='\'
AM_DEFAULT_V='$(AM_DEFAULT_VERBOSITY)'
AM_DEFAULT_VERBOSITY='1'
AM_V='$(V)'
AR='ar'
AUTOCONF='${SHELL} /home/ipserc/worspace-2018-09/zhavam/Source/missing autoconf'
AUTOHEADER='${SHELL} /home/ipserc/worspace-2018-09/zhavam/Source/missing autoheader'
AUTOMAKE='${SHELL} /home/ipserc/worspace-2018-09/zhavam/Source/missing automake-1.15'
AWK='gawk'
CC='gcc'
CCDEPMODE='depmode=gcc3'
CFLAGS='-g -O2'
CPP='gcc -E'
CPPFLAGS=''
CYGPATH_W='echo'
DEFS='-DHAVE_CONFIG_H'
DEPDIR='.deps'
DLLTOOL='false'
DSYMUTIL=''
DUMPBIN=''
ECHO_C=''
ECHO_N='-n'
ECHO_T=''
EGREP='/bin/grep -E'
EXEEXT=''
FGREP='/bin/grep -F'
GREP='/bin/grep'
GTK_CFLAGS='-pthread -I/usr/include/gtk-3.0 -I/usr/include/at-spi2-atk/2.0 -I/usr/include/at-spi-2.0 -I/usr/include/dbus-1.0 -I/usr/lib/x86_64-linux-gnu/dbus-1.0/include -I/usr/include/gtk-3.0 -I/usr/include/gio-unix-2.0/ -I/usr/include/cairo -I/usr/include/pango-1.0 -I/usr/include/harfbuzz -I/usr/include/pango-1.0 -I/usr/include/atk-1.0 -I/usr/include/cairo -I/usr/include/pixman-1 -I/usr/include/freetype2 -I/usr/include/libpng16 -I/usr/include/freetype2 -I/usr/include/libpng16 -I/usr/include/gdk-pixbuf-2.0 -I/usr/include/libpng16 -I/usr/include/glib-2.0 -I/usr/lib/x86_64-linux-gnu/glib-2.0/include'
GTK_LIBS='-lgtk-3 -lgdk-3 -lpangocairo-1.0 -lpango-1.0 -latk-1.0 -lcairo-gobject -lcairo -lgdk_pixbuf-2.0 -lgio-2.0 -lgobject-2.0 -lglib-2.0'
INSTALL_DATA='${INSTALL} -m 644'
INSTALL_PROGRAM='${INSTALL}'
INSTALL_SCRIPT='${INSTALL}'
INSTALL_STRIP_PROGRAM='$(install_sh) -c -s'
LD='/usr/bin/ld -m elf_x86_64'
LDFLAGS=''
LIBOBJS=''
LIBS=''
LIBTOOL='$(SHELL) $(top_builddir)/libtool'
LIPO=''
LN_S='ln -s'
LTLIBOBJS=''
LT_SYS_LIBRARY_PATH=''
MAKEINFO='${SHELL} /home/ipserc/worspace-2018-09/zhavam/Source/missing makeinfo'
MANIFEST_TOOL=':'
MKDIR_P='/bin/mkdir -p'
NM='/usr/bin/nm -B'
NMEDIT=''
OBJDUMP='objdump'
OBJEXT='o'
OTOOL64=''
OTOOL=''
PACKAGE='zhavam'
PACKAGE_BUGREPORT='joseluis.nunez@selenitas.es'
PACKAGE_NAME='zhavam'
PACKAGE_STRING='zhavam 1.3'
PACKAGE_TARNAME='zhavam'
PACKAGE_URL=''
PACKAGE_VERSION='1.3'
PATH_SEPARATOR=':'
PKG_CONFIG='/usr/bin/pkg-config'
PKG_CONFIG_LIBDIR=''
PKG_CONFIG_PATH=''
RANLIB='ranlib'
SED='/bin/sed'
SET_MAKE=''
SHELL='/bin/bash'
STRIP='strip'
VERSION='1.3'
ac_ct_AR='ar'
ac_ct_CC='gcc'
ac_ct_DUMPBIN=''
am__EXEEXT_FALSE=''
am__EXEEXT_TRUE='#'
am__fastdepCC_FALSE='#'
am__fastdepCC_TRUE=''
am__include='include'
am__isrc=''
am__leading_dot='.'
am__nodep='_no'
am__quote=''
am__tar='$${TAR-tar} chof - "$$tardir"'
am__untar='$${TAR-tar} xf -'
bindir='${exec_prefix}/bin'
build='x86_64-pc-linux-gnu'
build_alias=''
build_cpu='x86_64'
build_os='linux-gnu'
build_vendor='pc'
datadir='${datarootdir}'
datarootdir='${prefix}/share'
docdir='${datarootdir}/doc/${PACKAGE_TARNAME}'
dvidir='${docdir}'
exec_prefix='${prefix}'
host='x86_64-pc-linux-gnu'
host_alias=''
host_cpu='x86_64'
host_os='linux-gnu'
host_vendor='pc'
htmldir='${docdir}'
includedir='${prefix}/include'
infodir='${datarootdir}/info'
install_sh='${SHELL} /home/ipserc/worspace-2018-09/zhavam/Source/install-sh'
libdir='${exec_prefix}/lib'
libexecdir='${exec_prefix}/libexec'
localedir='${datarootdir}/locale'
localstatedir='${prefix}/var'
mandir='${datarootdir}/man'
mkdir_p='$(MKDIR_P)'
oldincludedir='/usr/include'
pdfdir='${docdir}'
prefix='/usr/local'
program_transform_name='s,x,x,'
psdir='${docdir}'
runstatedir='${localstatedir}/run'
sbindir='${exec_prefix}/sbin'
sharedstatedir='${prefix}/com'
sysconfdir='${prefix}/etc'
target_alias=''

## ----------- ##
## confdefs.h. ##
## ----------- ##

/* confdefs.h */
#define PACKAGE_NAME "zhavam"
#define PACKAGE_TARNAME "zhavam"
#define PACKAGE_VERSION "1.3"
#define PACKAGE_STRING "zhavam 1.3"
#define PACKAGE_BUGREPORT "joseluis.nunez@selenitas.es"
#define PACKAGE_URL ""
#define PACKAGE "zhavam"
#define VERSION "1.3"
#define STDC_HEADERS 1
#define HAVE_SYS_TYPES_H 1
#define HAVE_SYS_STAT_H 1
#define HAVE_STDLIB_H 1
#define HAVE_STRING_H 1
#define HAVE_MEMORY_H 1
#define HAVE_STRINGS_H 1
#define HAVE_INTTYPES_H 1
#define HAVE_STDINT_H 1
#define HAVE_UNISTD_H 1
#define HAVE_DLFCN_H 1
#define LT_OBJDIR ".libs/"

configure: exit 0
